1509391425,,ui,say,==> amazon-ebs: Force Deregister flag found%!(PACKER_COMMA) skipping prevalidating AMI Name
1509391427,,ui,message,    amazon-ebs: Found Image ID: ami-0a00ce72
1509391427,,ui,say,==> amazon-ebs: Creating temporary keypair: packer_59f77c40-6a06-812a-f488-2dfe5aecca07
1509391427,,ui,say,==> amazon-ebs: Launching a source AWS instance...
1509391428,,ui,message,    amazon-ebs: Instance ID: i-0e5f0b34b5b3af986
1509391428,,ui,say,==> amazon-ebs: Waiting for instance (i-0e5f0b34b5b3af986) to become ready...
1509391438,,ui,say,==> amazon-ebs: Adding tags to source instance
1509391438,,ui,message,    amazon-ebs: Adding tag: "Name": "Packer Builder"
1509391439,,ui,say,==> amazon-ebs: Waiting for SSH to become available...
1509391451,,ui,say,==> amazon-ebs: Connected to SSH!
1509391451,,ui,say,==> amazon-ebs: Provisioning with shell script: /tmp/packer-shell863471332
1509391466,,ui,message,    amazon-ebs: sudo: unable to resolve host ip-172-16-18-222
1509391466,,ui,message,    amazon-ebs: sudo: unable to resolve host ip-172-16-18-222
1509391466,,ui,message,    amazon-ebs: Hit:1 http://us-west-2.ec2.archive.ubuntu.com/ubuntu xenial InRelease
1509391466,,ui,message,    amazon-ebs: Get:2 http://us-west-2.ec2.archive.ubuntu.com/ubuntu xenial-updates InRelease [102 kB]
1509391466,,ui,message,    amazon-ebs: Get:3 http://us-west-2.ec2.archive.ubuntu.com/ubuntu xenial-backports InRelease [102 kB]
1509391466,,ui,message,    amazon-ebs: Get:4 http://us-west-2.ec2.archive.ubuntu.com/ubuntu xenial/main Sources [868 kB]
1509391466,,ui,message,    amazon-ebs: Get:5 http://us-west-2.ec2.archive.ubuntu.com/ubuntu xenial/restricted Sources [4%!(PACKER_COMMA)808 B]
1509391466,,ui,message,    amazon-ebs: Get:6 http://us-west-2.ec2.archive.ubuntu.com/ubuntu xenial/universe Sources [7%!(PACKER_COMMA)728 kB]
1509391466,,ui,message,    amazon-ebs: Get:7 http://us-west-2.ec2.archive.ubuntu.com/ubuntu xenial/multiverse Sources [179 kB]
1509391466,,ui,message,    amazon-ebs: Get:8 http://us-west-2.ec2.archive.ubuntu.com/ubuntu xenial/universe amd64 Packages [7%!(PACKER_COMMA)532 kB]
1509391466,,ui,message,    amazon-ebs: Get:9 http://security.ubuntu.com/ubuntu xenial-security InRelease [102 kB]
1509391466,,ui,message,    amazon-ebs: Get:10 http://us-west-2.ec2.archive.ubuntu.com/ubuntu xenial/universe Translation-en [4%!(PACKER_COMMA)354 kB]
1509391466,,ui,message,    amazon-ebs: Get:11 http://us-west-2.ec2.archive.ubuntu.com/ubuntu xenial/multiverse amd64 Packages [144 kB]
1509391466,,ui,message,    amazon-ebs: Get:12 http://us-west-2.ec2.archive.ubuntu.com/ubuntu xenial/multiverse Translation-en [106 kB]
1509391466,,ui,message,    amazon-ebs: Get:13 http://us-west-2.ec2.archive.ubuntu.com/ubuntu xenial-updates/main Sources [279 kB]
1509391466,,ui,message,    amazon-ebs: Get:14 http://us-west-2.ec2.archive.ubuntu.com/ubuntu xenial-updates/restricted Sources [3%!(PACKER_COMMA)404 B]
1509391466,,ui,message,    amazon-ebs: Get:15 http://us-west-2.ec2.archive.ubuntu.com/ubuntu xenial-updates/universe Sources [177 kB]
1509391466,,ui,message,    amazon-ebs: Get:16 http://us-west-2.ec2.archive.ubuntu.com/ubuntu xenial-updates/multiverse Sources [7%!(PACKER_COMMA)592 B]
1509391466,,ui,message,    amazon-ebs: Get:17 http://us-west-2.ec2.archive.ubuntu.com/ubuntu xenial-updates/main amd64 Packages [644 kB]
1509391466,,ui,message,    amazon-ebs: Get:18 http://us-west-2.ec2.archive.ubuntu.com/ubuntu xenial-updates/universe amd64 Packages [541 kB]
1509391466,,ui,message,    amazon-ebs: Get:19 http://us-west-2.ec2.archive.ubuntu.com/ubuntu xenial-updates/universe Translation-en [220 kB]
1509391466,,ui,message,    amazon-ebs: Get:20 http://us-west-2.ec2.archive.ubuntu.com/ubuntu xenial-updates/multiverse amd64 Packages [16.2 kB]
1509391466,,ui,message,    amazon-ebs: Get:21 http://us-west-2.ec2.archive.ubuntu.com/ubuntu xenial-updates/multiverse Translation-en [7%!(PACKER_COMMA)996 B]
1509391466,,ui,message,    amazon-ebs: Get:22 http://us-west-2.ec2.archive.ubuntu.com/ubuntu xenial-backports/main Sources [3%!(PACKER_COMMA)432 B]
1509391466,,ui,message,    amazon-ebs: Get:23 http://us-west-2.ec2.archive.ubuntu.com/ubuntu xenial-backports/universe Sources [4%!(PACKER_COMMA)376 B]
1509391466,,ui,message,    amazon-ebs: Get:24 http://us-west-2.ec2.archive.ubuntu.com/ubuntu xenial-backports/main amd64 Packages [4%!(PACKER_COMMA)860 B]
1509391466,,ui,message,    amazon-ebs: Get:25 http://us-west-2.ec2.archive.ubuntu.com/ubuntu xenial-backports/main Translation-en [3%!(PACKER_COMMA)220 B]
1509391466,,ui,message,    amazon-ebs: Get:26 http://us-west-2.ec2.archive.ubuntu.com/ubuntu xenial-backports/universe amd64 Packages [5%!(PACKER_COMMA)896 B]
1509391466,,ui,message,    amazon-ebs: Get:27 http://us-west-2.ec2.archive.ubuntu.com/ubuntu xenial-backports/universe Translation-en [3%!(PACKER_COMMA)060 B]
1509391467,,ui,message,    amazon-ebs: Get:28 http://security.ubuntu.com/ubuntu xenial-security/main Sources [99.0 kB]
1509391467,,ui,message,    amazon-ebs: Get:29 http://security.ubuntu.com/ubuntu xenial-security/restricted Sources [2%!(PACKER_COMMA)600 B]
1509391467,,ui,message,    amazon-ebs: Get:30 http://security.ubuntu.com/ubuntu xenial-security/universe Sources [43.9 kB]
1509391467,,ui,message,    amazon-ebs: Get:31 http://security.ubuntu.com/ubuntu xenial-security/multiverse Sources [1%!(PACKER_COMMA)140 B]
1509391467,,ui,message,    amazon-ebs: Get:32 http://security.ubuntu.com/ubuntu xenial-security/main amd64 Packages [374 kB]
1509391467,,ui,message,    amazon-ebs: Get:33 http://security.ubuntu.com/ubuntu xenial-security/universe amd64 Packages [176 kB]
1509391468,,ui,message,    amazon-ebs: Get:34 http://security.ubuntu.com/ubuntu xenial-security/universe Translation-en [93.5 kB]
1509391468,,ui,message,    amazon-ebs: Get:35 http://security.ubuntu.com/ubuntu xenial-security/multiverse amd64 Packages [3%!(PACKER_COMMA)208 B]
1509391468,,ui,message,    amazon-ebs: Get:36 http://security.ubuntu.com/ubuntu xenial-security/multiverse Translation-en [1%!(PACKER_COMMA)336 B]
1509391469,,ui,message,    amazon-ebs: Fetched 23.9 MB in 3s (6%!(PACKER_COMMA)545 kB/s)
1509391472,,ui,message,    amazon-ebs: Reading package lists... Done
1509391472,,ui,message,    amazon-ebs: sudo: unable to resolve host ip-172-16-18-222
1509391472,,ui,message,    amazon-ebs: Reading package lists... Done
1509391472,,ui,message,    amazon-ebs: Building dependency tree
1509391472,,ui,message,    amazon-ebs: Reading state information... Done
1509391472,,ui,message,    amazon-ebs: apt-transport-https is already the newest version (1.2.24).
1509391472,,ui,message,    amazon-ebs: ca-certificates is already the newest version (20170717~16.04.1).
1509391472,,ui,message,    amazon-ebs: The following additional packages will be installed:
1509391472,,ui,message,    amazon-ebs: keyutils libnfsidmap2 libpython-stdlib libpython2.7-minimal
1509391472,,ui,message,    amazon-ebs: libpython2.7-stdlib libtirpc1 python python-minimal python2.7
1509391472,,ui,message,    amazon-ebs: python2.7-minimal rpcbind
1509391472,,ui,message,    amazon-ebs: Suggested packages:
1509391472,,ui,message,    amazon-ebs: watchdog python-doc python-tk python2.7-doc binutils binfmt-support
1509391472,,ui,message,    amazon-ebs: The following NEW packages will be installed:
1509391472,,ui,message,    amazon-ebs: keyutils libnfsidmap2 libpython-stdlib libpython2.7-minimal
1509391472,,ui,message,    amazon-ebs: libpython2.7-stdlib libtirpc1 nfs-common python python-minimal python2.7
1509391472,,ui,message,    amazon-ebs: python2.7-minimal rpcbind
1509391472,,ui,message,    amazon-ebs: 0 upgraded%!(PACKER_COMMA) 12 newly installed%!(PACKER_COMMA) 0 to remove and 8 not upgraded.
1509391472,,ui,message,    amazon-ebs: Need to get 4%!(PACKER_COMMA)295 kB of archives.
1509391472,,ui,message,    amazon-ebs: After this operation%!(PACKER_COMMA) 18.0 MB of additional disk space will be used.
1509391472,,ui,message,    amazon-ebs: Get:1 http://us-west-2.ec2.archive.ubuntu.com/ubuntu xenial/main amd64 libnfsidmap2 amd64 0.25-5 [32.2 kB]
1509391472,,ui,message,    amazon-ebs: Get:2 http://us-west-2.ec2.archive.ubuntu.com/ubuntu xenial-updates/main amd64 libpython2.7-minimal amd64 2.7.12-1ubuntu0~16.04.1 [339 kB]
1509391472,,ui,message,    amazon-ebs: Get:3 http://us-west-2.ec2.archive.ubuntu.com/ubuntu xenial-updates/main amd64 python2.7-minimal amd64 2.7.12-1ubuntu0~16.04.1 [1%!(PACKER_COMMA)295 kB]
1509391472,,ui,message,    amazon-ebs: Get:4 http://us-west-2.ec2.archive.ubuntu.com/ubuntu xenial/main amd64 python-minimal amd64 2.7.11-1 [28.2 kB]
1509391472,,ui,message,    amazon-ebs: Get:5 http://us-west-2.ec2.archive.ubuntu.com/ubuntu xenial-updates/main amd64 libpython2.7-stdlib amd64 2.7.12-1ubuntu0~16.04.1 [1%!(PACKER_COMMA)884 kB]
1509391472,,ui,message,    amazon-ebs: Get:6 http://us-west-2.ec2.archive.ubuntu.com/ubuntu xenial-updates/main amd64 python2.7 amd64 2.7.12-1ubuntu0~16.04.1 [224 kB]
1509391472,,ui,message,    amazon-ebs: Get:7 http://us-west-2.ec2.archive.ubuntu.com/ubuntu xenial/main amd64 libpython-stdlib amd64 2.7.11-1 [7%!(PACKER_COMMA)656 B]
1509391472,,ui,message,    amazon-ebs: Get:8 http://us-west-2.ec2.archive.ubuntu.com/ubuntu xenial/main amd64 python amd64 2.7.11-1 [137 kB]
1509391472,,ui,message,    amazon-ebs: Get:9 http://us-west-2.ec2.archive.ubuntu.com/ubuntu xenial/main amd64 libtirpc1 amd64 0.2.5-1 [75.6 kB]
1509391472,,ui,message,    amazon-ebs: Get:10 http://us-west-2.ec2.archive.ubuntu.com/ubuntu xenial/main amd64 keyutils amd64 1.5.9-8ubuntu1 [47.1 kB]
1509391472,,ui,message,    amazon-ebs: Get:11 http://us-west-2.ec2.archive.ubuntu.com/ubuntu xenial/main amd64 rpcbind amd64 0.2.3-0.2 [40.3 kB]
1509391472,,ui,message,    amazon-ebs: Get:12 http://us-west-2.ec2.archive.ubuntu.com/ubuntu xenial-updates/main amd64 nfs-common amd64 1:1.2.8-9ubuntu12.1 [184 kB]
1509391472,,ui,message,    amazon-ebs: Fetched 4%!(PACKER_COMMA)295 kB in 0s (48.5 MB/s)
1509391472,,ui,message,    amazon-ebs: Selecting previously unselected package libnfsidmap2:amd64.
1509391473,,ui,message,    amazon-ebs: (Reading database ... 51071 files and directories currently installed.)
1509391473,,ui,message,    amazon-ebs: Preparing to unpack .../libnfsidmap2_0.25-5_amd64.deb ...
1509391473,,ui,message,    amazon-ebs: Unpacking libnfsidmap2:amd64 (0.25-5) ...
1509391473,,ui,message,    amazon-ebs: Selecting previously unselected package libpython2.7-minimal:amd64.
1509391473,,ui,message,    amazon-ebs: Preparing to unpack .../libpython2.7-minimal_2.7.12-1ubuntu0~16.04.1_amd64.deb ...
1509391473,,ui,message,    amazon-ebs: Unpacking libpython2.7-minimal:amd64 (2.7.12-1ubuntu0~16.04.1) ...
1509391473,,ui,message,    amazon-ebs: Selecting previously unselected package python2.7-minimal.
1509391473,,ui,message,    amazon-ebs: Preparing to unpack .../python2.7-minimal_2.7.12-1ubuntu0~16.04.1_amd64.deb ...
1509391473,,ui,message,    amazon-ebs: Unpacking python2.7-minimal (2.7.12-1ubuntu0~16.04.1) ...
1509391473,,ui,message,    amazon-ebs: Selecting previously unselected package python-minimal.
1509391473,,ui,message,    amazon-ebs: Preparing to unpack .../python-minimal_2.7.11-1_amd64.deb ...
1509391473,,ui,message,    amazon-ebs: Unpacking python-minimal (2.7.11-1) ...
1509391473,,ui,message,    amazon-ebs: Selecting previously unselected package libpython2.7-stdlib:amd64.
1509391473,,ui,message,    amazon-ebs: Preparing to unpack .../libpython2.7-stdlib_2.7.12-1ubuntu0~16.04.1_amd64.deb ...
1509391473,,ui,message,    amazon-ebs: Unpacking libpython2.7-stdlib:amd64 (2.7.12-1ubuntu0~16.04.1) ...
1509391473,,ui,message,    amazon-ebs: Selecting previously unselected package python2.7.
1509391473,,ui,message,    amazon-ebs: Preparing to unpack .../python2.7_2.7.12-1ubuntu0~16.04.1_amd64.deb ...
1509391473,,ui,message,    amazon-ebs: Unpacking python2.7 (2.7.12-1ubuntu0~16.04.1) ...
1509391473,,ui,message,    amazon-ebs: Selecting previously unselected package libpython-stdlib:amd64.
1509391473,,ui,message,    amazon-ebs: Preparing to unpack .../libpython-stdlib_2.7.11-1_amd64.deb ...
1509391473,,ui,message,    amazon-ebs: Unpacking libpython-stdlib:amd64 (2.7.11-1) ...
1509391473,,ui,message,    amazon-ebs: Processing triggers for man-db (2.7.5-1) ...
1509391474,,ui,message,    amazon-ebs: Processing triggers for mime-support (3.59ubuntu1) ...
1509391474,,ui,message,    amazon-ebs: Setting up libpython2.7-minimal:amd64 (2.7.12-1ubuntu0~16.04.1) ...
1509391474,,ui,message,    amazon-ebs: Setting up python2.7-minimal (2.7.12-1ubuntu0~16.04.1) ...
1509391474,,ui,message,    amazon-ebs: Linking and byte-compiling packages for runtime python2.7...
1509391474,,ui,message,    amazon-ebs: Setting up python-minimal (2.7.11-1) ...
1509391474,,ui,message,    amazon-ebs: Selecting previously unselected package python.
1509391474,,ui,message,    amazon-ebs: (Reading database ... 51827 files and directories currently installed.)
1509391474,,ui,message,    amazon-ebs: Preparing to unpack .../python_2.7.11-1_amd64.deb ...
1509391474,,ui,message,    amazon-ebs: Unpacking python (2.7.11-1) ...
1509391474,,ui,message,    amazon-ebs: Selecting previously unselected package libtirpc1:amd64.
1509391474,,ui,message,    amazon-ebs: Preparing to unpack .../libtirpc1_0.2.5-1_amd64.deb ...
1509391474,,ui,message,    amazon-ebs: Unpacking libtirpc1:amd64 (0.2.5-1) ...
1509391474,,ui,message,    amazon-ebs: Selecting previously unselected package keyutils.
1509391474,,ui,message,    amazon-ebs: Preparing to unpack .../keyutils_1.5.9-8ubuntu1_amd64.deb ...
1509391474,,ui,message,    amazon-ebs: Unpacking keyutils (1.5.9-8ubuntu1) ...
1509391474,,ui,message,    amazon-ebs: Selecting previously unselected package rpcbind.
1509391474,,ui,message,    amazon-ebs: Preparing to unpack .../rpcbind_0.2.3-0.2_amd64.deb ...
1509391474,,ui,message,    amazon-ebs: Unpacking rpcbind (0.2.3-0.2) ...
1509391474,,ui,message,    amazon-ebs: Selecting previously unselected package nfs-common.
1509391474,,ui,message,    amazon-ebs: Preparing to unpack .../nfs-common_1%3a1.2.8-9ubuntu12.1_amd64.deb ...
1509391474,,ui,message,    amazon-ebs: Unpacking nfs-common (1:1.2.8-9ubuntu12.1) ...
1509391475,,ui,message,    amazon-ebs: Processing triggers for man-db (2.7.5-1) ...
1509391475,,ui,message,    amazon-ebs: Processing triggers for systemd (229-4ubuntu20) ...
1509391475,,ui,message,    amazon-ebs: Processing triggers for ureadahead (0.100.0-19) ...
1509391475,,ui,message,    amazon-ebs: Setting up libnfsidmap2:amd64 (0.25-5) ...
1509391475,,ui,message,    amazon-ebs: Setting up libpython2.7-stdlib:amd64 (2.7.12-1ubuntu0~16.04.1) ...
1509391475,,ui,message,    amazon-ebs: Setting up python2.7 (2.7.12-1ubuntu0~16.04.1) ...
1509391476,,ui,message,    amazon-ebs: Setting up libpython-stdlib:amd64 (2.7.11-1) ...
1509391476,,ui,message,    amazon-ebs: Setting up python (2.7.11-1) ...
1509391476,,ui,message,    amazon-ebs: Setting up libtirpc1:amd64 (0.2.5-1) ...
1509391476,,ui,message,    amazon-ebs: Setting up keyutils (1.5.9-8ubuntu1) ...
1509391476,,ui,message,    amazon-ebs: Setting up rpcbind (0.2.3-0.2) ...
1509391476,,ui,message,    amazon-ebs: Setting up nfs-common (1:1.2.8-9ubuntu12.1) ...
1509391477,,ui,message,    amazon-ebs:
1509391477,,ui,message,    amazon-ebs: Creating config file /etc/idmapd.conf with new version
1509391477,,ui,message,    amazon-ebs:
1509391477,,ui,message,    amazon-ebs: Creating config file /etc/default/nfs-common with new version
1509391477,,ui,message,    amazon-ebs: Adding system user `statd' (UID 112) ...
1509391477,,ui,message,    amazon-ebs: Adding new user `statd' (UID 112) with group `nogroup' ...
1509391477,,ui,message,    amazon-ebs: Not creating home directory `/var/lib/nfs'.
1509391477,,ui,message,    amazon-ebs: nfs-utils.service is a disabled or a static unit%!(PACKER_COMMA) not starting it.
1509391477,,ui,message,    amazon-ebs: Processing triggers for libc-bin (2.23-0ubuntu9) ...
1509391477,,ui,message,    amazon-ebs: Processing triggers for systemd (229-4ubuntu20) ...
1509391477,,ui,message,    amazon-ebs: Processing triggers for ureadahead (0.100.0-19) ...
1509391478,,ui,message,    amazon-ebs: sudo: unable to resolve host ip-172-16-18-222
1509391479,,ui,message,    amazon-ebs: OK
1509391479,,ui,message,    amazon-ebs: sudo: unable to resolve host ip-172-16-18-222
1509391479,,ui,message,    amazon-ebs: sudo: unable to resolve host ip-172-16-18-222
1509391479,,ui,message,    amazon-ebs: Hit:1 http://us-west-2.ec2.archive.ubuntu.com/ubuntu xenial InRelease
1509391479,,ui,message,    amazon-ebs: Hit:2 http://us-west-2.ec2.archive.ubuntu.com/ubuntu xenial-updates InRelease
1509391479,,ui,message,    amazon-ebs: Hit:3 http://us-west-2.ec2.archive.ubuntu.com/ubuntu xenial-backports InRelease
1509391479,,ui,message,    amazon-ebs: Get:4 https://download.docker.com/linux/ubuntu xenial InRelease [49.8 kB]
1509391479,,ui,message,    amazon-ebs: Hit:5 http://security.ubuntu.com/ubuntu xenial-security InRelease
1509391479,,ui,message,    amazon-ebs: Get:6 https://download.docker.com/linux/ubuntu xenial/stable amd64 Packages [2%!(PACKER_COMMA)579 B]
1509391480,,ui,message,    amazon-ebs: Fetched 52.4 kB in 0s (136 kB/s)
1509391482,,ui,message,    amazon-ebs: Reading package lists... Done
1509391482,,ui,message,    amazon-ebs: sudo: unable to resolve host ip-172-16-18-222
1509391482,,ui,message,    amazon-ebs: Reading package lists... Done
1509391482,,ui,message,    amazon-ebs: Building dependency tree
1509391482,,ui,message,    amazon-ebs: Reading state information... Done
1509391482,,ui,message,    amazon-ebs: The following additional packages will be installed:
1509391482,,ui,message,    amazon-ebs: aufs-tools cgroupfs-mount libltdl7
1509391482,,ui,message,    amazon-ebs: Suggested packages:
1509391482,,ui,message,    amazon-ebs: mountall
1509391482,,ui,message,    amazon-ebs: The following NEW packages will be installed:
1509391482,,ui,message,    amazon-ebs: aufs-tools cgroupfs-mount docker-ce libltdl7
1509391482,,ui,message,    amazon-ebs: 0 upgraded%!(PACKER_COMMA) 4 newly installed%!(PACKER_COMMA) 0 to remove and 8 not upgraded.
1509391482,,ui,message,    amazon-ebs: Need to get 21.2 MB of archives.
1509391482,,ui,message,    amazon-ebs: After this operation%!(PACKER_COMMA) 100 MB of additional disk space will be used.
1509391482,,ui,message,    amazon-ebs: Get:1 http://us-west-2.ec2.archive.ubuntu.com/ubuntu xenial/universe amd64 aufs-tools amd64 1:3.2+20130722-1.1ubuntu1 [92.9 kB]
1509391482,,ui,message,    amazon-ebs: Get:2 http://us-west-2.ec2.archive.ubuntu.com/ubuntu xenial/universe amd64 cgroupfs-mount all 1.2 [4%!(PACKER_COMMA)970 B]
1509391482,,ui,message,    amazon-ebs: Get:3 http://us-west-2.ec2.archive.ubuntu.com/ubuntu xenial/main amd64 libltdl7 amd64 2.4.6-0.1 [38.3 kB]
1509391482,,ui,message,    amazon-ebs: Get:4 https://download.docker.com/linux/ubuntu xenial/stable amd64 docker-ce amd64 17.09.0~ce-0~ubuntu [21.0 MB]
1509391483,,ui,message,    amazon-ebs: Fetched 21.2 MB in 0s (28.8 MB/s)
1509391483,,ui,message,    amazon-ebs: Selecting previously unselected package aufs-tools.
1509391483,,ui,message,    amazon-ebs: (Reading database ... 52013 files and directories currently installed.)
1509391483,,ui,message,    amazon-ebs: Preparing to unpack .../aufs-tools_1%3a3.2+20130722-1.1ubuntu1_amd64.deb ...
1509391483,,ui,message,    amazon-ebs: Unpacking aufs-tools (1:3.2+20130722-1.1ubuntu1) ...
1509391483,,ui,message,    amazon-ebs: Selecting previously unselected package cgroupfs-mount.
1509391483,,ui,message,    amazon-ebs: Preparing to unpack .../cgroupfs-mount_1.2_all.deb ...
1509391483,,ui,message,    amazon-ebs: Unpacking cgroupfs-mount (1.2) ...
1509391483,,ui,message,    amazon-ebs: Selecting previously unselected package libltdl7:amd64.
1509391483,,ui,message,    amazon-ebs: Preparing to unpack .../libltdl7_2.4.6-0.1_amd64.deb ...
1509391483,,ui,message,    amazon-ebs: Unpacking libltdl7:amd64 (2.4.6-0.1) ...
1509391483,,ui,message,    amazon-ebs: Selecting previously unselected package docker-ce.
1509391483,,ui,message,    amazon-ebs: Preparing to unpack .../docker-ce_17.09.0~ce-0~ubuntu_amd64.deb ...
1509391483,,ui,message,    amazon-ebs: Unpacking docker-ce (17.09.0~ce-0~ubuntu) ...
1509391486,,ui,message,    amazon-ebs: Processing triggers for libc-bin (2.23-0ubuntu9) ...
1509391486,,ui,message,    amazon-ebs: Processing triggers for man-db (2.7.5-1) ...
1509391486,,ui,message,    amazon-ebs: Processing triggers for ureadahead (0.100.0-19) ...
1509391486,,ui,message,    amazon-ebs: Processing triggers for systemd (229-4ubuntu20) ...
1509391486,,ui,message,    amazon-ebs: Setting up aufs-tools (1:3.2+20130722-1.1ubuntu1) ...
1509391486,,ui,message,    amazon-ebs: Setting up cgroupfs-mount (1.2) ...
1509391487,,ui,message,    amazon-ebs: Setting up libltdl7:amd64 (2.4.6-0.1) ...
1509391487,,ui,message,    amazon-ebs: Setting up docker-ce (17.09.0~ce-0~ubuntu) ...
1509391488,,ui,message,    amazon-ebs: Processing triggers for libc-bin (2.23-0ubuntu9) ...
1509391488,,ui,message,    amazon-ebs: Processing triggers for systemd (229-4ubuntu20) ...
1509391488,,ui,message,    amazon-ebs: Processing triggers for ureadahead (0.100.0-19) ...
1509391489,,ui,message,    amazon-ebs: sudo: unable to resolve host ip-172-16-18-222
1509391489,,ui,say,==> amazon-ebs: Stopping the source instance...
1509391489,,ui,message,    amazon-ebs: Stopping instance%!(PACKER_COMMA) attempt 1
1509391490,,ui,say,==> amazon-ebs: Waiting for the instance to stop...
1509391509,,ui,say,==> amazon-ebs: Deregistered AMI devops21%!(PACKER_COMMA) id: ami-8e8941f6
1509391509,,ui,say,==> amazon-ebs: Creating the AMI: devops21
1509391509,,ui,message,    amazon-ebs: AMI: ami-ca8e46b2
1509391509,,ui,say,==> amazon-ebs: Waiting for AMI to become ready...
1509391671,,ui,say,==> amazon-ebs: Terminating the source AWS instance...
1509391677,,ui,say,==> amazon-ebs: Cleaning up any extra volumes...
1509391677,,ui,say,==> amazon-ebs: No volumes to clean up%!(PACKER_COMMA) skipping
1509391677,,ui,say,==> amazon-ebs: Deleting temporary keypair...
1509391677,,ui,say,Build 'amazon-ebs' finished.
1509391677,,ui,say,\n==> Builds finished. The artifacts of successful builds are:
1509391677,amazon-ebs,artifact-count,1
1509391677,amazon-ebs,artifact,0,builder-id,mitchellh.amazonebs
1509391677,amazon-ebs,artifact,0,id,us-west-2:ami-ca8e46b2
1509391677,amazon-ebs,artifact,0,string,AMIs were created:\n\nus-west-2: ami-ca8e46b2
1509391677,amazon-ebs,artifact,0,files-count,0
1509391677,amazon-ebs,artifact,0,end
1509391677,,ui,say,--> amazon-ebs: AMIs were created:\n\nus-west-2: ami-ca8e46b2
